<?xml version="1.0" encoding="UTF-8"?>
<!-- Generated by org.testng.reporters.JUnitReportReporter -->
<testsuite hostname="DESKTOP-FIF2BTC" failures="0" tests="1" name="organizationTest.ToCreateOrgWithIndustryTest" time="10.948" errors="0" timestamp="2024-08-15T19:24:09 IST" skipped="0">
  <testcase classname="organizationTest.ToCreateOrgWithIndustryTest" name="toCreateOrgWithIndustry_001" time="10.948"/>
</testsuite> <!-- organizationTest.ToCreateOrgWithIndustryTest -->
