<?xml version="1.0" encoding="UTF-8"?>
<!-- Generated by org.testng.reporters.JUnitReportReporter -->
<testsuite hostname="DESKTOP-FIF2BTC" failures="0" tests="1" name="vtiger.genericUtilities.BaseClass" time="9.547" errors="0" timestamp="2024-08-14T12:06:11 IST" skipped="0">
  <testcase classname="vtiger.genericUtilities.BaseClass" name="run" time="9.547"/>
</testsuite> <!-- vtiger.genericUtilities.BaseClass -->
