<?xml version="1.0" encoding="UTF-8"?>
<!-- Generated by org.testng.reporters.JUnitReportReporter -->
<testsuite hostname="DESKTOP-FIF2BTC" failures="0" tests="1" name="practise.ToLearnAssertion" time="0.032" errors="0" timestamp="2024-08-12T18:45:26 IST" skipped="0">
  <testcase classname="practise.ToLearnAssertion" name="sample" time="0.032"/>
</testsuite> <!-- practise.ToLearnAssertion -->
