<?xml version="1.0" encoding="UTF-8"?>
<!-- Generated by org.testng.reporters.JUnitReportReporter -->
<testsuite hostname="DESKTOP-FIF2BTC" failures="0" tests="1" name="organizationTest.ToCreateOrganizationTest" time="15.143" errors="0" timestamp="2024-08-15T19:21:21 IST" skipped="0">
  <testcase classname="organizationTest.ToCreateOrganizationTest" name="toCreateOrganization_001" time="15.143"/>
</testsuite> <!-- organizationTest.ToCreateOrganizationTest -->
