<?xml version="1.0" encoding="UTF-8"?>
<!-- Generated by org.testng.reporters.JUnitReportReporter -->
<testsuite hostname="DESKTOP-FIF2BTC" failures="0" tests="1" name="contactTest.ToCreateContactWithOrgTest" time="12.307" errors="0" timestamp="2024-08-15T19:23:26 IST" skipped="0">
  <testcase classname="contactTest.ToCreateContactWithOrgTest" name="toCreateContactWithorg_001" time="12.307"/>
</testsuite> <!-- contactTest.ToCreateContactWithOrgTest -->
