<?xml version="1.0" encoding="UTF-8"?>
<!-- Generated by org.testng.reporters.JUnitReportReporter -->
<testsuite hostname="DESKTOP-FIF2BTC" failures="0" tests="1" name="organizationTest.ToCreateOrgWithTypeTest" time="11.295" errors="0" timestamp="2024-08-15T19:24:59 IST" skipped="0">
  <testcase classname="organizationTest.ToCreateOrgWithTypeTest" name="toCreateOrgWithType_001" time="11.295"/>
</testsuite> <!-- organizationTest.ToCreateOrgWithTypeTest -->
