<?xml version="1.0" encoding="UTF-8"?>
<!-- Generated by org.testng.reporters.JUnitReportReporter -->
<testsuite hostname="DESKTOP-FIF2BTC" failures="0" tests="2" name="contactTest.ToCreateContactTest" time="25.891" errors="0" timestamp="2024-08-25T19:37:41 IST" skipped="0">
  <testcase classname="contactTest.ToCreateContactTest" name="toCreateContact_001" time="12.952"/>
  <testcase classname="contactTest.ToCreateContactTest" name="toCreateContact_001" time="12.939"/>
</testsuite> <!-- contactTest.ToCreateContactTest -->
